# JRE version: OpenJDK Runtime Environment (8.0_202-b03) (build 1.8.0_202-release-1483-b03)
# Java VM: OpenJDK 64-Bit Server VM (25.202-b03 mixed mode windows-amd64 compressed oops)
Heap:
 PSYoungGen      total 122880K, used 66497K [0x00000000e0000000, 0x00000000e9480000, 0x0000000100000000)
  eden space 112640K, 59% used [0x00000000e0000000,0x00000000e40f07d0,0x00000000e6e00000)
  from space 10240K, 0% used [0x00000000e7800000,0x00000000e7800000,0x00000000e8200000)
  to   space 10240K, 0% used [0x00000000e6e00000,0x00000000e6e00000,0x00000000e7800000)
 ParOldGen       total 71680K, used 17073K [0x00000000a0000000, 0x00000000a4600000, 0x00000000e0000000)
  object space 71680K, 23% used [0x00000000a0000000,0x00000000a10ac4d8,0x00000000a4600000)
 Metaspace       used 42360K, capacity 43176K, committed 43352K, reserved 1087488K
  class space    used 5733K, capacity 5982K, committed 6016K, reserved 1048576K
GC Heap History (10 events):
Event: 5.230 GC heap before
{Heap before GC invocations=8 (full 1):
 PSYoungGen      total 57344K, used 7158K [0x00000000e0000000, 0x00000000e7100000, 0x0000000100000000)
  eden space 48640K, 0% used [0x00000000e0000000,0x00000000e0000000,0x00000000e2f80000)
  from space 8704K, 82% used [0x00000000e2f80000,0x00000000e367d850,0x00000000e3800000)
  to   space 9216K, 0% used [0x00000000e6800000,0x00000000e6800000,0x00000000e7100000)
 ParOldGen       total 65536K, used 7476K [0x00000000a0000000, 0x00000000a4000000, 0x00000000e0000000)
  object space 65536K, 11% used [0x00000000a0000000,0x00000000a074d008,0x00000000a4000000)
 Metaspace       used 20759K, capacity 21120K, committed 21248K, reserved 1067008K
  class space    used 2915K, capacity 3062K, committed 3072K, reserved 1048576K
Event: 5.264 GC heap after
Heap after GC invocations=8 (full 1):
 PSYoungGen      total 57344K, used 0K [0x00000000e0000000, 0x00000000e7100000, 0x0000000100000000)
  eden space 48640K, 0% used [0x00000000e0000000,0x00000000e0000000,0x00000000e2f80000)
  from space 8704K, 0% used [0x00000000e2f80000,0x00000000e2f80000,0x00000000e3800000)
  to   space 9216K, 0% used [0x00000000e6800000,0x00000000e6800000,0x00000000e7100000)
 ParOldGen       total 46592K, used 9548K [0x00000000a0000000, 0x00000000a2d80000, 0x00000000e0000000)
  object space 46592K, 20% used [0x00000000a0000000,0x00000000a09533a8,0x00000000a2d80000)
 Metaspace       used 20759K, capacity 21120K, committed 21248K, reserved 1067008K
  class space    used 2915K, capacity 3062K, committed 3072K, reserved 1048576K
}
Event: 6.269 GC heap before
{Heap before GC invocations=9 (full 1):
 PSYoungGen      total 57344K, used 48640K [0x00000000e0000000, 0x00000000e7100000, 0x0000000100000000)
  eden space 48640K, 100% used [0x00000000e0000000,0x00000000e2f80000,0x00000000e2f80000)
  from space 8704K, 0% used [0x00000000e2f80000,0x00000000e2f80000,0x00000000e3800000)
  to   space 9216K, 0% used [0x00000000e6800000,0x00000000e6800000,0x00000000e7100000)
 ParOldGen       total 46592K, used 9548K [0x00000000a0000000, 0x00000000a2d80000, 0x00000000e0000000)
  object space 46592K, 20% used [0x00000000a0000000,0x00000000a09533a8,0x00000000a2d80000)
 Metaspace       used 27095K, capacity 27582K, committed 28032K, reserved 1073152K
  class space    used 3698K, capacity 3842K, committed 3968K, reserved 1048576K
Event: 6.278 GC heap after
Heap after GC invocations=9 (full 1):
 PSYoungGen      total 87040K, used 6378K [0x00000000e0000000, 0x00000000e6e80000, 0x0000000100000000)
  eden space 80384K, 0% used [0x00000000e0000000,0x00000000e0000000,0x00000000e4e80000)
  from space 6656K, 95% used [0x00000000e6800000,0x00000000e6e3a880,0x00000000e6e80000)
  to   space 9216K, 0% used [0x00000000e5c80000,0x00000000e5c80000,0x00000000e6580000)
 ParOldGen       total 46592K, used 9556K [0x00000000a0000000, 0x00000000a2d80000, 0x00000000e0000000)
  object space 46592K, 20% used [0x00000000a0000000,0x00000000a09553a8,0x00000000a2d80000)
 Metaspace       used 27095K, capacity 27582K, committed 28032K, reserved 1073152K
  class space    used 3698K, capacity 3842K, committed 3968K, reserved 1048576K
}
Event: 7.261 GC heap before
{Heap before GC invocations=10 (full 1):
 PSYoungGen      total 87040K, used 86762K [0x00000000e0000000, 0x00000000e6e80000, 0x0000000100000000)
  eden space 80384K, 100% used [0x00000000e0000000,0x00000000e4e80000,0x00000000e4e80000)
  from space 6656K, 95% used [0x00000000e6800000,0x00000000e6e3a880,0x00000000e6e80000)
  to   space 9216K, 0% used [0x00000000e5c80000,0x00000000e5c80000,0x00000000e6580000)
 ParOldGen       total 46592K, used 9556K [0x00000000a0000000, 0x00000000a2d80000, 0x00000000e0000000)
  object space 46592K, 20% used [0x00000000a0000000,0x00000000a09553a8,0x00000000a2d80000)
 Metaspace       used 31749K, capacity 32216K, committed 32512K, reserved 1077248K
  class space    used 4370K, capacity 4531K, committed 4608K, reserved 1048576K
Event: 7.274 GC heap after
Heap after GC invocations=10 (full 1):
 PSYoungGen      total 103936K, used 9200K [0x00000000e0000000, 0x00000000e8200000, 0x0000000100000000)
  eden space 94720K, 0% used [0x00000000e0000000,0x00000000e0000000,0x00000000e5c80000)
  from space 9216K, 99% used [0x00000000e5c80000,0x00000000e657c0a8,0x00000000e6580000)
  to   space 10240K, 0% used [0x00000000e7800000,0x00000000e7800000,0x00000000e8200000)
 ParOldGen       total 46592K, used 9610K [0x00000000a0000000, 0x00000000a2d80000, 0x00000000e0000000)
  object space 46592K, 20% used [0x00000000a0000000,0x00000000a0962a70,0x00000000a2d80000)
 Metaspace       used 31749K, capacity 32216K, committed 32512K, reserved 1077248K
  class space    used 4370K, capacity 4531K, committed 4608K, reserved 1048576K
}
Event: 8.415 GC heap before
{Heap before GC invocations=11 (full 1):
 PSYoungGen      total 103936K, used 64874K [0x00000000e0000000, 0x00000000e8200000, 0x0000000100000000)
  eden space 94720K, 58% used [0x00000000e0000000,0x00000000e365e890,0x00000000e5c80000)
  from space 9216K, 99% used [0x00000000e5c80000,0x00000000e657c0a8,0x00000000e6580000)
  to   space 10240K, 0% used [0x00000000e7800000,0x00000000e7800000,0x00000000e8200000)
 ParOldGen       total 46592K, used 9610K [0x00000000a0000000, 0x00000000a2d80000, 0x00000000e0000000)
  object space 46592K, 20% used [0x00000000a0000000,0x00000000a0962a70,0x00000000a2d80000)
 Metaspace       used 34691K, capacity 35302K, committed 35416K, reserved 1079296K
  class space    used 4757K, capacity 4942K, committed 4992K, reserved 1048576K
Event: 8.426 GC heap after
Heap after GC invocations=11 (full 1):
 PSYoungGen      total 122880K, used 7617K [0x00000000e0000000, 0x00000000e9480000, 0x0000000100000000)
  eden space 112640K, 0% used [0x00000000e0000000,0x00000000e0000000,0x00000000e6e00000)
  from space 10240K, 74% used [0x00000000e7800000,0x00000000e7f70728,0x00000000e8200000)
  to   space 10240K, 0% used [0x00000000e6e00000,0x00000000e6e00000,0x00000000e7800000)
 ParOldGen       total 46592K, used 12494K [0x00000000a0000000, 0x00000000a2d80000, 0x00000000e0000000)
  object space 46592K, 26% used [0x00000000a0000000,0x00000000a0c33a90,0x00000000a2d80000)
 Metaspace       used 34691K, capacity 35302K, committed 35416K, reserved 1079296K
  class space    used 4757K, capacity 4942K, committed 4992K, reserved 1048576K
}
Event: 8.426 GC heap before
{Heap before GC invocations=12 (full 2):
 PSYoungGen      total 122880K, used 7617K [0x00000000e0000000, 0x00000000e9480000, 0x0000000100000000)
  eden space 112640K, 0% used [0x00000000e0000000,0x00000000e0000000,0x00000000e6e00000)
  from space 10240K, 74% used [0x00000000e7800000,0x00000000e7f70728,0x00000000e8200000)
  to   space 10240K, 0% used [0x00000000e6e00000,0x00000000e6e00000,0x00000000e7800000)
 ParOldGen       total 46592K, used 12494K [0x00000000a0000000, 0x00000000a2d80000, 0x00000000e0000000)
  object space 46592K, 26% used [0x00000000a0000000,0x00000000a0c33a90,0x00000000a2d80000)
 Metaspace       used 34691K, capacity 35302K, committed 35416K, reserved 1079296K
  class space    used 4757K, capacity 4942K, committed 4992K, reserved 1048576K
Event: 8.485 GC heap after
Heap after GC invocations=12 (full 2):
 PSYoungGen      total 122880K, used 0K [0x00000000e0000000, 0x00000000e9480000, 0x0000000100000000)
  eden space 112640K, 0% used [0x00000000e0000000,0x00000000e0000000,0x00000000e6e00000)
  from space 10240K, 0% used [0x00000000e7800000,0x00000000e7800000,0x00000000e8200000)
  to   space 10240K, 0% used [0x00000000e6e00000,0x00000000e6e00000,0x00000000e7800000)
 ParOldGen       total 71680K, used 17073K [0x00000000a0000000, 0x00000000a4600000, 0x00000000e0000000)
  object space 71680K, 23% used [0x00000000a0000000,0x00000000a10ac4d8,0x00000000a4600000)
 Metaspace       used 34676K, capacity 35248K, committed 35416K, reserved 1079296K
  class space    used 4752K, capacity 4933K, committed 4992K, reserved 1048576K
}

