# JRE version: OpenJDK Runtime Environment (8.0_202-b03) (build 1.8.0_202-release-1483-b03)
# Java VM: OpenJDK 64-Bit Server VM (25.202-b03 mixed mode windows-amd64 compressed oops)
Heap:
 PSYoungGen      total 151040K, used 8998K [0x00000000e0000000, 0x00000000ec480000, 0x0000000100000000)
  eden space 136192K, 0% used [0x00000000e0000000,0x00000000e0000000,0x00000000e8500000)
  from space 14848K, 60% used [0x00000000e8500000,0x00000000e8dc9898,0x00000000e9380000)
  to   space 14336K, 0% used [0x00000000eb680000,0x00000000eb680000,0x00000000ec480000)
 ParOldGen       total 72704K, used 28192K [0x00000000a0000000, 0x00000000a4700000, 0x00000000e0000000)
  object space 72704K, 38% used [0x00000000a0000000,0x00000000a1b88330,0x00000000a4700000)
 Metaspace       used 57464K, capacity 58994K, committed 59028K, reserved 1099776K
  class space    used 7796K, capacity 8162K, committed 8192K, reserved 1048576K
GC Heap History (10 events):
Event: 6.883 GC heap after
Heap after GC invocations=11 (full 1):
 PSYoungGen      total 120832K, used 7650K [0x00000000e0000000, 0x00000000e9580000, 0x0000000100000000)
  eden space 110592K, 0% used [0x00000000e0000000,0x00000000e0000000,0x00000000e6c00000)
  from space 10240K, 74% used [0x00000000e7680000,0x00000000e7df8938,0x00000000e8080000)
  to   space 10752K, 0% used [0x00000000e6c00000,0x00000000e6c00000,0x00000000e7680000)
 ParOldGen       total 46592K, used 13377K [0x00000000a0000000, 0x00000000a2d80000, 0x00000000e0000000)
  object space 46592K, 28% used [0x00000000a0000000,0x00000000a0d106e0,0x00000000a2d80000)
 Metaspace       used 34689K, capacity 35338K, committed 35416K, reserved 1079296K
  class space    used 4760K, capacity 4948K, committed 4992K, reserved 1048576K
}
Event: 6.883 GC heap before
{Heap before GC invocations=12 (full 2):
 PSYoungGen      total 120832K, used 7650K [0x00000000e0000000, 0x00000000e9580000, 0x0000000100000000)
  eden space 110592K, 0% used [0x00000000e0000000,0x00000000e0000000,0x00000000e6c00000)
  from space 10240K, 74% used [0x00000000e7680000,0x00000000e7df8938,0x00000000e8080000)
  to   space 10752K, 0% used [0x00000000e6c00000,0x00000000e6c00000,0x00000000e7680000)
 ParOldGen       total 46592K, used 13377K [0x00000000a0000000, 0x00000000a2d80000, 0x00000000e0000000)
  object space 46592K, 28% used [0x00000000a0000000,0x00000000a0d106e0,0x00000000a2d80000)
 Metaspace       used 34689K, capacity 35338K, committed 35416K, reserved 1079296K
  class space    used 4760K, capacity 4948K, committed 4992K, reserved 1048576K
Event: 6.967 GC heap after
Heap after GC invocations=12 (full 2):
 PSYoungGen      total 120832K, used 0K [0x00000000e0000000, 0x00000000e9580000, 0x0000000100000000)
  eden space 110592K, 0% used [0x00000000e0000000,0x00000000e0000000,0x00000000e6c00000)
  from space 10240K, 0% used [0x00000000e7680000,0x00000000e7680000,0x00000000e8080000)
  to   space 10752K, 0% used [0x00000000e6c00000,0x00000000e6c00000,0x00000000e7680000)
 ParOldGen       total 72704K, used 17068K [0x00000000a0000000, 0x00000000a4700000, 0x00000000e0000000)
  object space 72704K, 23% used [0x00000000a0000000,0x00000000a10ab2c8,0x00000000a4700000)
 Metaspace       used 34662K, capacity 35248K, committed 35416K, reserved 1079296K
  class space    used 4752K, capacity 4933K, committed 4992K, reserved 1048576K
}
Event: 8.622 GC heap before
{Heap before GC invocations=13 (full 2):
 PSYoungGen      total 120832K, used 110592K [0x00000000e0000000, 0x00000000e9580000, 0x0000000100000000)
  eden space 110592K, 100% used [0x00000000e0000000,0x00000000e6c00000,0x00000000e6c00000)
  from space 10240K, 0% used [0x00000000e7680000,0x00000000e7680000,0x00000000e8080000)
  to   space 10752K, 0% used [0x00000000e6c00000,0x00000000e6c00000,0x00000000e7680000)
 ParOldGen       total 72704K, used 17068K [0x00000000a0000000, 0x00000000a4700000, 0x00000000e0000000)
  object space 72704K, 23% used [0x00000000a0000000,0x00000000a10ab2c8,0x00000000a4700000)
 Metaspace       used 45044K, capacity 46032K, committed 46296K, reserved 1089536K
  class space    used 6064K, capacity 6325K, committed 6400K, reserved 1048576K
Event: 8.636 GC heap after
Heap after GC invocations=13 (full 2):
 PSYoungGen      total 121344K, used 10749K [0x00000000e0000000, 0x00000000ea080000, 0x0000000100000000)
  eden space 110592K, 0% used [0x00000000e0000000,0x00000000e0000000,0x00000000e6c00000)
  from space 10752K, 99% used [0x00000000e6c00000,0x00000000e767f658,0x00000000e7680000)
  to   space 13312K, 0% used [0x00000000e9380000,0x00000000e9380000,0x00000000ea080000)
 ParOldGen       total 72704K, used 20888K [0x00000000a0000000, 0x00000000a4700000, 0x00000000e0000000)
  object space 72704K, 28% used [0x00000000a0000000,0x00000000a14662c8,0x00000000a4700000)
 Metaspace       used 45044K, capacity 46032K, committed 46296K, reserved 1089536K
  class space    used 6064K, capacity 6325K, committed 6400K, reserved 1048576K
}
Event: 10.398 GC heap before
{Heap before GC invocations=14 (full 2):
 PSYoungGen      total 121344K, used 121341K [0x00000000e0000000, 0x00000000ea080000, 0x0000000100000000)
  eden space 110592K, 100% used [0x00000000e0000000,0x00000000e6c00000,0x00000000e6c00000)
  from space 10752K, 99% used [0x00000000e6c00000,0x00000000e767f658,0x00000000e7680000)
  to   space 13312K, 0% used [0x00000000e9380000,0x00000000e9380000,0x00000000ea080000)
 ParOldGen       total 72704K, used 20888K [0x00000000a0000000, 0x00000000a4700000, 0x00000000e0000000)
  object space 72704K, 28% used [0x00000000a0000000,0x00000000a14662c8,0x00000000a4700000)
 Metaspace       used 54929K, capacity 56312K, committed 56536K, reserved 1097728K
  class space    used 7456K, capacity 7849K, committed 7936K, reserved 1048576K
Event: 10.417 GC heap after
Heap after GC invocations=14 (full 2):
 PSYoungGen      total 149504K, used 12571K [0x00000000e0000000, 0x00000000ea280000, 0x0000000100000000)
  eden space 136192K, 0% used [0x00000000e0000000,0x00000000e0000000,0x00000000e8500000)
  from space 13312K, 94% used [0x00000000e9380000,0x00000000e9fc6ea8,0x00000000ea080000)
  to   space 14848K, 0% used [0x00000000e8500000,0x00000000e8500000,0x00000000e9380000)
 ParOldGen       total 72704K, used 28184K [0x00000000a0000000, 0x00000000a4700000, 0x00000000e0000000)
  object space 72704K, 38% used [0x00000000a0000000,0x00000000a1b86330,0x00000000a4700000)
 Metaspace       used 54929K, capacity 56312K, committed 56536K, reserved 1097728K
  class space    used 7456K, capacity 7849K, committed 7936K, reserved 1048576K
}
Event: 11.031 GC heap before
{Heap before GC invocations=15 (full 2):
 PSYoungGen      total 149504K, used 54258K [0x00000000e0000000, 0x00000000ea280000, 0x0000000100000000)
  eden space 136192K, 30% used [0x00000000e0000000,0x00000000e28b5b00,0x00000000e8500000)
  from space 13312K, 94% used [0x00000000e9380000,0x00000000e9fc6ea8,0x00000000ea080000)
  to   space 14848K, 0% used [0x00000000e8500000,0x00000000e8500000,0x00000000e9380000)
 ParOldGen       total 72704K, used 28184K [0x00000000a0000000, 0x00000000a4700000, 0x00000000e0000000)
  object space 72704K, 38% used [0x00000000a0000000,0x00000000a1b86330,0x00000000a4700000)
 Metaspace       used 57464K, capacity 58994K, committed 59028K, reserved 1099776K
  class space    used 7796K, capacity 8162K, committed 8192K, reserved 1048576K
Event: 11.046 GC heap after
Heap after GC invocations=15 (full 2):
 PSYoungGen      total 151040K, used 8998K [0x00000000e0000000, 0x00000000ec480000, 0x0000000100000000)
  eden space 136192K, 0% used [0x00000000e0000000,0x00000000e0000000,0x00000000e8500000)
  from space 14848K, 60% used [0x00000000e8500000,0x00000000e8dc9898,0x00000000e9380000)
  to   space 14336K, 0% used [0x00000000eb680000,0x00000000eb680000,0x00000000ec480000)
 ParOldGen       total 72704K, used 28192K [0x00000000a0000000, 0x00000000a4700000, 0x00000000e0000000)
  object space 72704K, 38% used [0x00000000a0000000,0x00000000a1b88330,0x00000000a4700000)
 Metaspace       used 57464K, capacity 58994K, committed 59028K, reserved 1099776K
  class space    used 7796K, capacity 8162K, committed 8192K, reserved 1048576K
}
Event: 11.046 GC heap before
{Heap before GC invocations=16 (full 3):
 PSYoungGen      total 151040K, used 8998K [0x00000000e0000000, 0x00000000ec480000, 0x0000000100000000)
  eden space 136192K, 0% used [0x00000000e0000000,0x00000000e0000000,0x00000000e8500000)
  from space 14848K, 60% used [0x00000000e8500000,0x00000000e8dc9898,0x00000000e9380000)
  to   space 14336K, 0% used [0x00000000eb680000,0x00000000eb680000,0x00000000ec480000)
 ParOldGen       total 72704K, used 28192K [0x00000000a0000000, 0x00000000a4700000, 0x00000000e0000000)
  object space 72704K, 38% used [0x00000000a0000000,0x00000000a1b88330,0x00000000a4700000)
 Metaspace       used 57464K, capacity 58994K, committed 59028K, reserved 1099776K
  class space    used 7796K, capacity 8162K, committed 8192K, reserved 1048576K

